0 info it worked if it ends with ok
1 verbose cli [ 'D:\\nodejs\\node.exe',
1 verbose cli   'D:\\nodejs\\node_modules\\npm\\bin\\npm-cli.js',
1 verbose cli   'i',
1 verbose cli   'URL' ]
2 info using npm@3.3.6
3 info using node@v5.0.0
4 silly loadCurrentTree Starting
5 silly install loadCurrentTree
6 silly install readLocalPackageData
7 silly fetchPackageMetaData URL
8 silly fetchNamedPackageData URL
9 silly mapToRegistry name URL
10 silly mapToRegistry using default registry
11 silly mapToRegistry registry https://registry.npmjs.org/
12 silly mapToRegistry uri https://registry.npmjs.org/URL
13 verbose request uri https://registry.npmjs.org/URL
14 verbose request no auth needed
15 info attempt registry request try #1 at 11:25:16
16 verbose request using bearer token for auth
17 verbose request id 8d8017336e7a46e6
18 http request GET https://registry.npmjs.org/URL
19 http 404 https://registry.npmjs.org/URL
20 verbose headers { 'content-type': 'application/json',
20 verbose headers   'cache-control': 'max-age=0',
20 verbose headers   'content-length': '2',
20 verbose headers   'accept-ranges': 'bytes',
20 verbose headers   date: 'Sat, 06 Feb 2016 09:25:30 GMT',
20 verbose headers   via: '1.1 varnish',
20 verbose headers   connection: 'keep-alive',
20 verbose headers   'x-served-by': 'cache-fra1224-FRA',
20 verbose headers   'x-cache': 'MISS',
20 verbose headers   'x-cache-hits': '0',
20 verbose headers   'x-timer': 'S1454750729.351267,VS0,VE740' }
21 silly get cb [ 404,
21 silly get   { 'content-type': 'application/json',
21 silly get     'cache-control': 'max-age=0',
21 silly get     'content-length': '2',
21 silly get     'accept-ranges': 'bytes',
21 silly get     date: 'Sat, 06 Feb 2016 09:25:30 GMT',
21 silly get     via: '1.1 varnish',
21 silly get     connection: 'keep-alive',
21 silly get     'x-served-by': 'cache-fra1224-FRA',
21 silly get     'x-cache': 'MISS',
21 silly get     'x-cache-hits': '0',
21 silly get     'x-timer': 'S1454750729.351267,VS0,VE740' } ]
22 silly fetchPackageMetaData Error: Registry returned 404 for GET on https://registry.npmjs.org/URL
22 silly fetchPackageMetaData     at makeError (D:\nodejs\node_modules\npm\node_modules\npm-registry-client\lib\request.js:264:12)
22 silly fetchPackageMetaData     at CachingRegistryClient.<anonymous> (D:\nodejs\node_modules\npm\node_modules\npm-registry-client\lib\request.js:242:14)
22 silly fetchPackageMetaData     at Request._callback (D:\nodejs\node_modules\npm\node_modules\npm-registry-client\lib\request.js:172:14)
22 silly fetchPackageMetaData     at Request.self.callback (D:\nodejs\node_modules\npm\node_modules\request\request.js:198:22)
22 silly fetchPackageMetaData     at emitTwo (events.js:87:13)
22 silly fetchPackageMetaData     at Request.emit (events.js:172:7)
22 silly fetchPackageMetaData     at Request.<anonymous> (D:\nodejs\node_modules\npm\node_modules\request\request.js:1063:14)
22 silly fetchPackageMetaData     at emitOne (events.js:82:20)
22 silly fetchPackageMetaData     at Request.emit (events.js:169:7)
22 silly fetchPackageMetaData     at IncomingMessage.<anonymous> (D:\nodejs\node_modules\npm\node_modules\request\request.js:1009:12)
22 silly fetchPackageMetaData  error for URL { [Error: Registry returned 404 for GET on https://registry.npmjs.org/URL] pkgid: 'URL', statusCode: 404, code: 'E404' }
23 silly rollbackFailedOptional Starting
24 silly rollbackFailedOptional Finishing
25 silly runTopLevelLifecycles Starting
26 silly runTopLevelLifecycles Finishing
27 silly install printInstalled
28 verbose stack Error: Registry returned 404 for GET on https://registry.npmjs.org/URL
28 verbose stack     at makeError (D:\nodejs\node_modules\npm\node_modules\npm-registry-client\lib\request.js:264:12)
28 verbose stack     at CachingRegistryClient.<anonymous> (D:\nodejs\node_modules\npm\node_modules\npm-registry-client\lib\request.js:242:14)
28 verbose stack     at Request._callback (D:\nodejs\node_modules\npm\node_modules\npm-registry-client\lib\request.js:172:14)
28 verbose stack     at Request.self.callback (D:\nodejs\node_modules\npm\node_modules\request\request.js:198:22)
28 verbose stack     at emitTwo (events.js:87:13)
28 verbose stack     at Request.emit (events.js:172:7)
28 verbose stack     at Request.<anonymous> (D:\nodejs\node_modules\npm\node_modules\request\request.js:1063:14)
28 verbose stack     at emitOne (events.js:82:20)
28 verbose stack     at Request.emit (events.js:169:7)
28 verbose stack     at IncomingMessage.<anonymous> (D:\nodejs\node_modules\npm\node_modules\request\request.js:1009:12)
29 verbose statusCode 404
30 verbose pkgid URL
31 verbose cwd d:\css_tasks\shpp\day28_api
32 error Windows_NT 6.1.7601
33 error argv "D:\\nodejs\\node.exe" "D:\\nodejs\\node_modules\\npm\\bin\\npm-cli.js" "i" "URL"
34 error node v5.0.0
35 error npm  v3.3.6
36 error code E404
37 error 404 Registry returned 404 for GET on https://registry.npmjs.org/URL
37 error 404
37 error 404 'URL' is not in the npm registry.
37 error 404 Your package name is not valid, because
37 error 404
37 error 404  1. url is a core module name
37 error 404  2. name can no longer contain capital letters
37 error 404
37 error 404 Note that you can also install from a
37 error 404 tarball, folder, http url, or git url.
38 verbose exit [ 1, true ]
